\BOOKMARK [0][-]{chapter*.1}{Scientific environment}{}% 1
\BOOKMARK [0][-]{chapter*.2}{Acknowledgements}{}% 2
\BOOKMARK [0][-]{chapter*.3}{Abstract}{}% 3
\BOOKMARK [0][-]{chapter*.4}{List of papers}{}% 4
\BOOKMARK [0][-]{chapter.1}{Introduction}{}% 5
\BOOKMARK [1][-]{section.1.1}{Introduction}{chapter.1}% 6
\BOOKMARK [1][-]{section.1.2}{Carbon storage}{chapter.1}% 7
\BOOKMARK [1][-]{section.1.3}{Modeling procedure}{chapter.1}% 8
\BOOKMARK [1][-]{section.1.4}{Uncertainty Sources}{chapter.1}% 9
\BOOKMARK [1][-]{section.1.5}{Geological modeling}{chapter.1}% 10
\BOOKMARK [2][-]{subsection.1.5.1}{Geological description}{section.1.5}% 11
\BOOKMARK [2][-]{subsection.1.5.2}{Geological parameters}{section.1.5}% 12
\BOOKMARK [1][-]{section.1.6}{Flow equations}{chapter.1}% 13
\BOOKMARK [2][-]{subsection.1.6.1}{Single phase flow}{section.1.6}% 14
\BOOKMARK [2][-]{subsection.1.6.2}{Two-phase flow}{section.1.6}% 15
\BOOKMARK [1][-]{section.1.7}{Flow regimes}{chapter.1}% 16
\BOOKMARK [2][-]{subsection.1.7.1}{Injection and early migration}{section.1.7}% 17
\BOOKMARK [2][-]{subsection.1.7.2}{Long term migration}{section.1.7}% 18
\BOOKMARK [1][-]{section.1.8}{Flow modeling}{chapter.1}% 19
\BOOKMARK [2][-]{subsection.1.8.1}{Numerical scheme}{section.1.8}% 20
\BOOKMARK [2][-]{subsection.1.8.2}{Flow scenarios}{section.1.8}% 21
\BOOKMARK [2][-]{subsection.1.8.3}{Flow responses}{section.1.8}% 22
\BOOKMARK [2][-]{subsection.1.8.4}{ECLIPSE input file}{section.1.8}% 23
\BOOKMARK [1][-]{section.1.9}{Sensitivity and risk analysis}{chapter.1}% 24
\BOOKMARK [2][-]{subsection.1.9.1}{Stochastic analysis}{section.1.9}% 25
\BOOKMARK [2][-]{subsection.1.9.2}{Arbitrary polynomial chaos expansion}{section.1.9}% 26
\BOOKMARK [2][-]{subsection.1.9.3}{Sensitivity analysis}{section.1.9}% 27
\BOOKMARK [2][-]{subsection.1.9.4}{Risk analysis}{section.1.9}% 28
\BOOKMARK [1][-]{section.1.10}{General summary}{chapter.1}% 29
\BOOKMARK [2][-]{subsection.1.10.1}{Implementation of the work-flow}{section.1.10}% 30
\BOOKMARK [2][-]{subsection.1.10.2}{Generic application of results}{section.1.10}% 31
\BOOKMARK [0][-]{chapter.2}{Introduction to the papers}{}% 32
\BOOKMARK [1][-]{section.2.1}{Introduction}{chapter.2}% 33
\BOOKMARK [1][-]{section.2.2}{Summary of papers}{chapter.2}% 34
\BOOKMARK [0][-]{chapter*.52}{Scientific results}{}% 35
\BOOKMARK [1][-]{section.2.3}{Impact of geological heterogeneity on early-stage CO2 plume migration: pressure behavior study}{chapter*.52}% 36
\BOOKMARK [1][-]{section.2.4}{Geological storage of CO2: heterogeneity impact on pressure behavior}{chapter*.52}% 37
\BOOKMARK [1][-]{section.2.5}{Geological storage of CO2: Application, feasibility and efficiency of global sensitivity analysis and risk assessment using the arbitrary polynomial chaos.}{chapter*.52}% 38
\BOOKMARK [0][-]{appendix*.103}{Additional supporting material}{}% 39
\BOOKMARK [1][-]{section.Alph0.1}{Impact of geological heterogeneity on early-stage CO2 plume migration}{appendix*.103}% 40
\BOOKMARK [1][-]{section.Alph0.2}{Impact of geological heterogeneity on early-stage CO2 plume migration: sensitivity study}{appendix*.103}% 41
\BOOKMARK [1][-]{section.Alph0.3}{Field-case simulation of CO2 plume migration using vertical-equilibrium models.}{appendix*.103}% 42
